Arb Collector V2 — 500 cycles, 20s interval
Output: /Users/maekawasei/ozc/arb_live_data.jsonl
[1/500] 2026-04-17T10:57:38 (70.6s) gas=6000000 | 0.0000ETH sp=142.8135% $ | 0.0001ETH sp=142.6826% $ | 0.0001ETH sp=142.6826% $ | 0.0005ETH sp=142.7209% $ | 0.0010ETH sp=142.7905% $ | 0.0050ETH sp=143.3198% $ | XC=0.3898% | XC=0.3808%
[2/500] 2026-04-17T10:58:49 (99.1s) gas=6000000 | 0.0000ETH sp=142.8135% $ | 0.0001ETH sp=142.6826% $ | 0.0001ETH sp=142.6826% $ | 0.0005ETH sp=142.7209% $ | 0.0010ETH sp=142.7905% $ | 0.0050ETH sp=143.3198% $ | XC=0.3269% | XC=0.2684% | XC=0.269%
[3/500] 2026-04-17T11:00:28 (88.0s) gas=6000000 | 0.0000ETH sp=142.8135% $ | 0.0001ETH sp=142.6826% $ | 0.0001ETH sp=142.6826% $ | 0.0005ETH sp=142.7209% $ | 0.0010ETH sp=142.7905% $ | 0.0050ETH sp=143.3198% $ | XC=0.269% | XC=0.269% | XC=0.269%
[4/500] 2026-04-17T11:01:56 (69.7s) gas=6000000 | 0.0000ETH sp=142.8135% $ | 0.0001ETH sp=142.6826% $ | 0.0001ETH sp=142.6826% $ | 0.0005ETH sp=142.7209% $ | 0.0010ETH sp=142.7905% $ | 0.0050ETH sp=143.3198% $ | XC=0.2832% | XC=0.2832% | XC=0.2911%
[5/500] 2026-04-17T11:03:06 (69.3s) gas=6000000 | 0.0000ETH sp=142.8135% $ | 0.0001ETH sp=142.6826% $ | 0.0001ETH sp=142.6826% $ | 0.0005ETH sp=142.7209% $ | 0.0010ETH sp=142.7905% $ | 0.0050ETH sp=143.3198% $ | XC=0.3331% | XC=0.3385% | XC=0.3378%
[6/500] 2026-04-17T11:04:15 (73.3s) gas=6000000 | 0.0000ETH sp=142.8135% $ | 0.0001ETH sp=142.6826% $ | 0.0001ETH sp=142.6826% $ | 0.0005ETH sp=142.7209% $ | 0.0010ETH sp=142.7905% $ | 0.0050ETH sp=143.3198% $ | XC=0.3619% | XC=0.3718%
[7/500] 2026-04-17T11:05:28 (74.5s) gas=6000000 | 0.0000ETH sp=142.8135% $ | 0.0001ETH sp=142.6826% $ | 0.0001ETH sp=142.6826% $ | 0.0005ETH sp=142.7209% $ | 0.0010ETH sp=142.7905% $ | 0.0050ETH sp=143.3198% $ | XC=0.3716% | XC=0.3717%
[8/500] 2026-04-17T11:06:43 (76.2s) gas=6000000 | 0.0000ETH sp=142.8135% $ | 0.0001ETH sp=142.6826% $ | 0.0001ETH sp=142.6826% $ | 0.0005ETH sp=142.7209% $ | 0.0010ETH sp=142.7905% $ | 0.0050ETH sp=143.3198% $ | XC=0.2991% | XC=0.2991%
[9/500] 2026-04-17T11:07:59 (70.1s) gas=6000000 | 0.0000ETH sp=142.8135% $ | 0.0001ETH sp=142.6826% $ | 0.0001ETH sp=142.6826% $ | 0.0005ETH sp=142.7209% $ | 0.0010ETH sp=142.7905% $ | 0.0050ETH sp=143.3198% $ | XC=0.2067% | XC=0.1671% | XC=0.113%
[10/500] 2026-04-17T11:09:09 (67.9s) gas=6000000 | 0.0000ETH sp=142.8135% $ | 0.0001ETH sp=142.6826% $ | 0.0001ETH sp=142.6826% $ | 0.0005ETH sp=142.7209% $ | 0.0010ETH sp=142.7905% $ | 0.0050ETH sp=143.3198% $ | XC=0.113% | XC=0.113%
[11/500] 2026-04-17T11:10:17 (63.9s) gas=6000000 | 0.0000ETH sp=142.8135% $ | 0.0001ETH sp=142.6826% $ | 0.0001ETH sp=142.6826% $ | 0.0005ETH sp=142.7209% $ | 0.0010ETH sp=142.7905% $ | 0.0050ETH sp=143.3198% $ | XC=0.113% | XC=0.113%
[12/500] 2026-04-17T11:11:21 (71.6s) gas=6000000 | 0.0000ETH sp=142.8135% $ | 0.0001ETH sp=142.6826% $ | 0.0001ETH sp=142.6826% $ | 0.0005ETH sp=142.7209% $ | 0.0010ETH sp=142.7905% $ | 0.0050ETH sp=143.3198% $ | XC=0.1193% | XC=0.12% | XC=0.1339%
[13/500] 2026-04-17T11:12:32 (68.6s) gas=6000000 | 0.0000ETH sp=142.8135% $ | 0.0001ETH sp=142.6826% $ | 0.0001ETH sp=142.6826% $ | 0.0005ETH sp=142.7209% $ | 0.0010ETH sp=142.7905% $ | 0.0050ETH sp=143.3198% $ | XC=0.1514% | XC=0.1516%
[14/500] 2026-04-17T11:13:41 (68.2s) gas=6000000 | 0.0000ETH sp=142.8135% $ | 0.0001ETH sp=142.6826% $ | 0.0001ETH sp=142.6826% $ | 0.0005ETH sp=142.7209% $ | 0.0010ETH sp=142.7905% $ | 0.0050ETH sp=143.3198% $ | XC=0.1522% | XC=0.1522% | XC=0.1521%
[15/500] 2026-04-17T11:14:49 (62.9s) gas=6000000 | 0.0000ETH sp=142.8135% $ | 0.0001ETH sp=142.6826% $ | 0.0001ETH sp=142.6826% $ | 0.0005ETH sp=142.7209% $ | 0.0010ETH sp=142.7905% $ | 0.0050ETH sp=143.3198% $ | XC=0.1528% | XC=0.1528%
[16/500] 2026-04-17T11:15:52 (72.4s) gas=6000000 | 0.0000ETH sp=142.8135% $ | 0.0001ETH sp=142.6826% $ | 0.0001ETH sp=142.6826% $ | 0.0005ETH sp=142.7209% $ | 0.0010ETH sp=142.7905% $ | 0.0050ETH sp=143.3198% $ | XC=0.1102% | XC=0.1% | XC=0.0954%
[17/500] 2026-04-17T11:17:04 (65.8s) gas=6000000 | 0.0000ETH sp=142.8135% $ | 0.0001ETH sp=142.6826% $ | 0.0001ETH sp=142.6826% $ | 0.0005ETH sp=142.7209% $ | 0.0010ETH sp=142.7905% $ | 0.0050ETH sp=143.3198% $ | XC=0.0137% | XC=0.0138%
[18/500] 2026-04-17T11:18:10 (63.5s) gas=6000000 | 0.0000ETH sp=142.8135% $ | 0.0001ETH sp=142.6826% $ | 0.0001ETH sp=142.6826% $ | 0.0005ETH sp=142.7209% $ | 0.0010ETH sp=142.7905% $ | 0.0050ETH sp=143.3198% $ | XC=0.0053% | XC=0.0053%
[19/500] 2026-04-17T11:19:14 (70.6s) gas=6000000 | 0.0000ETH sp=142.8135% $ | 0.0001ETH sp=142.6826% $ | 0.0001ETH sp=142.6826% $ | 0.0005ETH sp=142.7209% $ | 0.0010ETH sp=142.7905% $ | 0.0050ETH sp=143.3198% $ | XC=0.0054% | XC=0.0054% | XC=0.0053%
[20/500] 2026-04-17T11:20:24 (71.1s) gas=6000000 | 0.0000ETH sp=142.8135% $ | 0.0001ETH sp=142.6826% $ | 0.0001ETH sp=142.6826% $ | 0.0005ETH sp=142.7209% $ | 0.0010ETH sp=142.7905% $ | 0.0050ETH sp=143.3198% $ | XC=0.0054% | XC=0.0054%
[21/500] 2026-04-17T11:21:35 (71.5s) gas=6000000 | 0.0000ETH sp=142.8135% $ | 0.0001ETH sp=142.6826% $ | 0.0001ETH sp=142.6826% $ | 0.0005ETH sp=142.7209% $ | 0.0010ETH sp=142.7905% $ | 0.0050ETH sp=143.3198% $ | XC=0.0054% | XC=0.0054%
[22/500] 2026-04-17T11:22:47 (76.4s) gas=6000000 | 0.0000ETH sp=142.8135% $ | 0.0001ETH sp=142.6826% $ | 0.0001ETH sp=142.6826% $ | 0.0005ETH sp=142.7209% $ | 0.0010ETH sp=142.7905% $ | 0.0050ETH sp=143.3198% $ | XC=0.0054% | XC=0.0054%
[23/500] 2026-04-17T11:24:03 (115.4s) gas=6000000 | 0.0000ETH sp=142.8135% $ | 0.0001ETH sp=142.6826% $ | 0.0001ETH sp=142.6826% $ | 0.0005ETH sp=142.7209% $ | 0.0010ETH sp=142.7905% $ | 0.0050ETH sp=143.3198% $ | XC=0.0054% | XC=0.0054% | XC=0.0053%
[24/500] 2026-04-17T11:25:59 (79.3s) gas=6000000 | 0.0000ETH sp=142.8135% $ | 0.0001ETH sp=142.6826% $ | 0.0001ETH sp=142.6826% $ | 0.0005ETH sp=142.7209% $ | 0.0010ETH sp=142.7905% $ | 0.0050ETH sp=143.3198% $ | XC=0.0336% | XC=0.0361%
[25/500] 2026-04-17T11:27:18 (61.0s) gas=6000000 | 0.0000ETH sp=142.8135% $ | 0.0001ETH sp=142.6826% $ | 0.0001ETH sp=142.6826% $ | 0.0005ETH sp=142.7209% $ | 0.0010ETH sp=142.7905% $ | 0.0050ETH sp=143.3198% $ | XC=0.0069% | XC=0.0072% | XC=0.0071%
[26/500] 2026-04-17T11:28:19 (78.2s) gas=6000000 | 0.0000ETH sp=142.8135% $ | 0.0001ETH sp=142.6826% $ | 0.0001ETH sp=142.6826% $ | 0.0005ETH sp=142.7209% $ | 0.0010ETH sp=142.7905% $ | 0.0050ETH sp=143.3198% $ | XC=0.0065% | XC=0.0065%
[27/500] 2026-04-17T11:29:37 (70.0s) gas=6000000 | 0.0000ETH sp=142.8135% $ | 0.0001ETH sp=142.6826% $ | 0.0001ETH sp=142.6826% $ | 0.0005ETH sp=142.7209% $ | 0.0010ETH sp=142.7905% $ | 0.0050ETH sp=143.3198% $ | XC=0.0194% | XC=0.0191% | XC=0.0191%
[28/500] 2026-04-17T11:30:47 (64.1s) gas=6000000 | 0.0000ETH sp=142.8135% $ | 0.0001ETH sp=142.6826% $ | 0.0001ETH sp=142.6826% $ | 0.0005ETH sp=142.7209% $ | 0.0010ETH sp=142.7905% $ | 0.0050ETH sp=143.3198% $ | XC=0.0417% | XC=0.0417% | XC=0.0417%
[29/500] 2026-04-17T11:31:51 (66.2s) gas=6000000 | 0.0000ETH sp=142.8135% $ | 0.0001ETH sp=142.6826% $ | 0.0001ETH sp=142.6826% $ | 0.0005ETH sp=142.7209% $ | 0.0010ETH sp=142.7905% $ | 0.0050ETH sp=143.3198% $ | XC=0.052% | XC=0.052% | XC=0.052%
[30/500] 2026-04-17T11:32:58 (56.9s) gas=6000000 | 0.0000ETH sp=142.8135% $ | 0.0001ETH sp=142.6826% $ | 0.0001ETH sp=142.6826% $ | 0.0005ETH sp=142.7209% $ | 0.0010ETH sp=142.7905% $ | 0.0050ETH sp=143.3198% $ | XC=0.052% | XC=0.052% | XC=0.052%
[31/500] 2026-04-17T11:33:55 (67.4s) gas=6000000 | 0.0000ETH sp=142.8135% $ | 0.0001ETH sp=142.6826% $ | 0.0001ETH sp=142.6826% $ | 0.0005ETH sp=142.7209% $ | 0.0010ETH sp=142.7905% $ | 0.0050ETH sp=143.3198% $ | XC=0.052% | XC=0.052% | XC=0.0522%
[32/500] 2026-04-17T11:35:02 (60.7s) gas=6000000 | 0.0000ETH sp=142.8135% $ | 0.0001ETH sp=142.6826% $ | 0.0001ETH sp=142.6826% $ | 0.0005ETH sp=142.7209% $ | 0.0010ETH sp=142.7905% $ | 0.0050ETH sp=143.3198% $ | XC=0.0775% | XC=0.0775% | XC=0.0775%
[33/500] 2026-04-17T11:36:03 (60.9s) gas=6000000 | 0.0000ETH sp=142.8135% $ | 0.0001ETH sp=142.6826% $ | 0.0001ETH sp=142.6826% $ | 0.0005ETH sp=142.7209% $ | 0.0010ETH sp=142.7905% $ | 0.0050ETH sp=143.3198% $ | XC=0.1373% | XC=0.1373%
[34/500] 2026-04-17T11:37:04 (62.0s) gas=6000000 | 0.0000ETH sp=142.8135% $ | 0.0001ETH sp=142.6826% $ | 0.0001ETH sp=142.6826% $ | 0.0005ETH sp=142.7209% $ | 0.0010ETH sp=142.7905% $ | 0.0050ETH sp=143.3198% $ | XC=0.1559% | XC=0.1559%
[35/500] 2026-04-17T11:38:06 (64.2s) gas=6000000 | 0.0000ETH sp=142.8135% $ | 0.0001ETH sp=142.6826% $ | 0.0001ETH sp=142.6826% $ | 0.0005ETH sp=142.7209% $ | 0.0010ETH sp=142.7905% $ | 0.0050ETH sp=143.3198% $ | XC=0.2218% | XC=0.2217%
[36/500] 2026-04-17T11:39:10 (73.2s) gas=6000000 | 0.0000ETH sp=142.8135% $ | 0.0001ETH sp=142.6826% $ | 0.0001ETH sp=142.6826% $ | 0.0005ETH sp=142.7209% $ | 0.0010ETH sp=142.7905% $ | 0.0050ETH sp=143.3198% $ | XC=0.2275% | XC=0.2473% | XC=0.2473%
[37/500] 2026-04-17T11:40:23 (94.2s) gas=6000000 | 0.0000ETH sp=142.8135% $ | 0.0001ETH sp=142.6826% $ | 0.0001ETH sp=142.6826% $ | 0.0005ETH sp=142.7209% $ | 0.0010ETH sp=142.7905% $ | 0.0050ETH sp=143.3198% $ | XC=0.2462% | XC=0.2462% | XC=0.2461%
[38/500] 2026-04-17T11:41:57 (111.9s) gas=6000000 | 0.0000ETH sp=142.8135% $ | 0.0001ETH sp=142.6826% $ | 0.0001ETH sp=142.6826% $ | 0.0005ETH sp=142.7209% $ | 0.0010ETH sp=142.7905% $ | 0.0050ETH sp=143.3198% $ | XC=0.2463% | XC=0.2287%
[39/500] 2026-04-17T11:43:49 (99.0s) gas=6000000 | 0.0000ETH sp=142.8135% $ | 0.0001ETH sp=142.6826% $ | 0.0001ETH sp=142.6826% $ | 0.0005ETH sp=142.7209% $ | 0.0010ETH sp=142.7905% $ | 0.0050ETH sp=143.3198% $ | XC=0.1915% | XC=0.1915% | XC=0.1915%
[40/500] 2026-04-17T11:45:28 (133.5s) gas=6000000 | 0.0000ETH sp=142.8135% $ | 0.0001ETH sp=142.6826% $ | 0.0001ETH sp=142.6826% $ | 0.0005ETH sp=142.7209% $ | 0.0010ETH sp=142.7905% $ | 0.0050ETH sp=143.3198% $ | XC=0.1917% | XC=0.1918%
[41/500] 2026-04-17T11:47:42 (135.5s) gas=6000000 | 0.0000ETH sp=142.8135% $ | 0.0001ETH sp=142.6826% $ | 0.0001ETH sp=142.6826% $ | 0.0005ETH sp=142.7209% $ | 0.0010ETH sp=142.7905% $ | 0.0050ETH sp=143.3198% $ | XC=0.1566% | XC=0.1566% | XC=0.1566%
[42/500] 2026-04-17T11:49:57 (80.7s) gas=6000000 | 0.0000ETH sp=142.8135% $ | 0.0001ETH sp=142.6826% $ | 0.0001ETH sp=142.6826% $ | 0.0005ETH sp=142.7209% $ | 0.0010ETH sp=142.7905% $ | 0.0050ETH sp=143.3198% $ | XC=0.1566% | XC=0.1566%
[43/500] 2026-04-17T11:51:18 (75.7s) gas=6000000 | 0.0000ETH sp=142.8135% $ | 0.0001ETH sp=142.6826% $ | 0.0001ETH sp=142.6826% $ | 0.0005ETH sp=142.7209% $ | 0.0010ETH sp=142.7905% $ | 0.0050ETH sp=143.3198% $ | XC=0.1532%
[44/500] 2026-04-17T11:52:34 (81.4s) gas=6000000 | 0.0000ETH sp=142.8135% $ | 0.0001ETH sp=142.6826% $ | 0.0001ETH sp=142.6826% $ | 0.0005ETH sp=142.7209% $ | 0.0010ETH sp=142.7905% $ | 0.0050ETH sp=143.3198% $ | XC=0.1522% | XC=0.1522%
[45/500] 2026-04-17T11:53:55 (71.4s) gas=6000000 | 0.0000ETH sp=142.8135% $ | 0.0001ETH sp=142.6826% $ | 0.0001ETH sp=142.6826% $ | 0.0005ETH sp=142.7209% $ | 0.0010ETH sp=142.7905% $ | 0.0050ETH sp=143.3198% $ | XC=0.1495% | XC=0.1495%
[46/500] 2026-04-17T11:55:06 (69.2s) gas=6000000 | 0.0000ETH sp=142.8135% $ | 0.0001ETH sp=142.6826% $ | 0.0001ETH sp=142.6826% $ | 0.0005ETH sp=142.7209% $ | 0.0010ETH sp=142.7905% $ | 0.0050ETH sp=143.3198% $ | XC=0.1791% | XC=0.1791%
[47/500] 2026-04-17T11:56:16 (57.6s) gas=6000000 | 0.0000ETH sp=142.8135% $ | 0.0001ETH sp=142.6826% $ | 0.0001ETH sp=142.6826% $ | 0.0005ETH sp=142.7209% $ | 0.0010ETH sp=142.7905% $ | 0.0050ETH sp=143.3198% $ | XC=0.179%
[48/500] 2026-04-17T11:57:13 (62.2s) gas=6000000 | 0.0000ETH sp=142.8135% $ | 0.0001ETH sp=142.6826% $ | 0.0001ETH sp=142.6826% $ | 0.0005ETH sp=142.7209% $ | 0.0010ETH sp=142.7905% $ | 0.0050ETH sp=143.3198% $ | XC=0.179% | XC=0.179% | XC=0.179%
[49/500] 2026-04-17T11:58:15 (64.3s) gas=6000000 | 0.0000ETH sp=142.8135% $ | 0.0001ETH sp=142.6826% $ | 0.0001ETH sp=142.6826% $ | 0.0005ETH sp=142.7209% $ | 0.0010ETH sp=142.7905% $ | 0.0050ETH sp=143.3198% $ | XC=0.179% | XC=0.179% | XC=0.179%
[50/500] 2026-04-17T11:59:20 (64.0s) gas=6000000 | 0.0000ETH sp=142.8135% $ | 0.0001ETH sp=142.6826% $ | 0.0001ETH sp=142.6826% $ | 0.0005ETH sp=142.7209% $ | 0.0010ETH sp=142.7905% $ | 0.0050ETH sp=143.3198% $ | XC=0.182% | XC=0.182%
[51/500] 2026-04-17T12:00:24 (60.7s) gas=6000000 | 0.0000ETH sp=142.8135% $ | 0.0001ETH sp=142.6826% $ | 0.0001ETH sp=142.6826% $ | 0.0005ETH sp=142.7209% $ | 0.0010ETH sp=142.7905% $ | 0.0050ETH sp=143.3198% $ | XC=0.1821% | XC=0.1819%
[52/500] 2026-04-17T12:01:24 (63.2s) gas=6000000 | 0.0000ETH sp=142.8135% $ | 0.0001ETH sp=142.6826% $ | 0.0001ETH sp=142.6826% $ | 0.0005ETH sp=142.7209% $ | 0.0010ETH sp=142.7905% $ | 0.0050ETH sp=143.3198% $ | XC=0.1819% | XC=0.182% | XC=0.1819%
[53/500] 2026-04-17T12:02:28 (57.4s) gas=6000000 | 0.0000ETH sp=142.8135% $ | 0.0001ETH sp=142.6826% $ | 0.0001ETH sp=142.6826% $ | 0.0005ETH sp=142.7209% $ | 0.0010ETH sp=142.7905% $ | 0.0050ETH sp=143.3198% $ | XC=0.1638% | XC=0.1638% | XC=0.1507%
[54/500] 2026-04-17T12:03:25 (75.7s) gas=6000000 | 0.0000ETH sp=142.8135% $ | 0.0001ETH sp=142.6826% $ | 0.0001ETH sp=142.6826% $ | 0.0005ETH sp=142.7209% $ | 0.0010ETH sp=142.7905% $ | 0.0050ETH sp=143.3198% $ | XC=0.1325% | XC=0.1325% | XC=0.1157%
[55/500] 2026-04-17T12:04:41 (58.8s) gas=6000000 | 0.0000ETH sp=142.8135% $ | 0.0001ETH sp=142.6826% $ | 0.0001ETH sp=142.6826% $ | 0.0005ETH sp=142.7209% $ | 0.0010ETH sp=142.7905% $ | 0.0050ETH sp=143.3198% $ | XC=0.0948% | XC=0.095% | XC=0.095%
[56/500] 2026-04-17T12:05:40 (58.2s) gas=6000000 | 0.0000ETH sp=142.8135% $ | 0.0001ETH sp=142.6826% $ | 0.0001ETH sp=142.6826% $ | 0.0005ETH sp=142.7209% $ | 0.0010ETH sp=142.7905% $ | 0.0050ETH sp=143.3198% $ | XC=0.0871% | XC=0.0811% | XC=0.081%
[57/500] 2026-04-17T12:06:38 (58.6s) gas=6000000 | 0.0000ETH sp=142.8135% $ | 0.0001ETH sp=142.6826% $ | 0.0001ETH sp=142.6826% $ | 0.0005ETH sp=142.7209% $ | 0.0010ETH sp=142.7905% $ | 0.0050ETH sp=143.3198% $ | XC=0.0809% | XC=0.0809%
[58/500] 2026-04-17T12:07:36 (62.9s) gas=6000000 | 0.0000ETH sp=142.8135% $ | 0.0001ETH sp=142.6826% $ | 0.0001ETH sp=142.6826% $ | 0.0005ETH sp=142.7209% $ | 0.0010ETH sp=142.7905% $ | 0.0050ETH sp=143.3198% $ | XC=0.0809% | XC=0.0809%
[59/500] 2026-04-17T12:08:39 (63.5s) gas=6000000 | 0.0000ETH sp=142.8135% $ | 0.0001ETH sp=142.6826% $ | 0.0001ETH sp=142.6826% $ | 0.0005ETH sp=142.7209% $ | 0.0010ETH sp=142.7905% $ | 0.0050ETH sp=143.3198% $ | XC=0.0825% | XC=0.0977% | XC=0.0977%
[60/500] 2026-04-17T12:09:43 (60.0s) gas=6000000 | 0.0000ETH sp=142.8135% $ | 0.0001ETH sp=142.6826% $ | 0.0001ETH sp=142.6826% $ | 0.0005ETH sp=142.7209% $ | 0.0010ETH sp=142.7905% $ | 0.0050ETH sp=143.3198% $ | XC=0.0959% | XC=0.0959% | XC=0.0959%
[61/500] 2026-04-17T12:10:43 (64.2s) gas=6000000 | 0.0000ETH sp=142.8135% $ | 0.0001ETH sp=142.6826% $ | 0.0001ETH sp=142.6826% $ | 0.0005ETH sp=142.7209% $ | 0.0010ETH sp=142.7905% $ | 0.0050ETH sp=143.3198% $ | XC=0.0968% | XC=0.0968% | XC=0.0968%
[62/500] 2026-04-17T12:11:47 (71.3s) gas=6000000 | 0.0000ETH sp=142.8135% $ | 0.0001ETH sp=142.6826% $ | 0.0001ETH sp=142.6826% $ | 0.0005ETH sp=142.7209% $ | 0.0010ETH sp=142.7905% $ | 0.0050ETH sp=143.3198% $ | XC=0.0895% | XC=0.0895% | XC=0.0892%
[63/500] 2026-04-17T12:12:58 (63.6s) gas=6000000 | 0.0000ETH sp=142.8135% $ | 0.0001ETH sp=142.6826% $ | 0.0001ETH sp=142.6826% $ | 0.0005ETH sp=142.7209% $ | 0.0010ETH sp=142.7905% $ | 0.0050ETH sp=143.3198% $ | XC=0.1% | XC=0.0986% | XC=0.0986%
[64/500] 2026-04-17T12:14:02 (56.1s) gas=6000000 | 0.0000ETH sp=142.8135% $ | 0.0001ETH sp=142.6826% $ | 0.0001ETH sp=142.6826% $ | 0.0005ETH sp=142.7209% $ | 0.0010ETH sp=142.7905% $ | 0.0050ETH sp=143.3198% $ | XC=0.0986% | XC=0.0986% | XC=0.0986%
[65/500] 2026-04-17T12:14:58 (66.8s) gas=6000000 | 0.0000ETH sp=142.8135% $ | 0.0001ETH sp=142.6826% $ | 0.0001ETH sp=142.6826% $ | 0.0005ETH sp=142.7209% $ | 0.0010ETH sp=142.7905% $ | 0.0050ETH sp=143.3198% $ | XC=0.1057% | XC=0.1116%
[66/500] 2026-04-17T12:16:05 (61.2s) gas=6000000 | 0.0000ETH sp=142.8135% $ | 0.0001ETH sp=142.6826% $ | 0.0001ETH sp=142.6826% $ | 0.0005ETH sp=142.7209% $ | 0.0010ETH sp=142.7905% $ | 0.0050ETH sp=143.3198% $ | XC=0.1159% | XC=0.1437%
[67/500] 2026-04-17T12:17:06 (71.6s) gas=6000000 | 0.0000ETH sp=142.8135% $ | 0.0001ETH sp=142.6826% $ | 0.0001ETH sp=142.6826% $ | 0.0005ETH sp=142.7209% $ | 0.0010ETH sp=142.7905% $ | 0.0050ETH sp=143.3198% $ | XC=0.1443% | XC=0.1443% | XC=0.1443%
[68/500] 2026-04-17T12:18:17 (59.5s) gas=6000000 | 0.0000ETH sp=142.8135% $ | 0.0001ETH sp=142.6826% $ | 0.0001ETH sp=142.6826% $ | 0.0005ETH sp=142.7209% $ | 0.0010ETH sp=142.7905% $ | 0.0050ETH sp=143.3198% $ | XC=0.1443% | XC=0.1443%
[69/500] 2026-04-17T12:19:17 (63.7s) gas=6000000 | 0.0000ETH sp=142.8135% $ | 0.0001ETH sp=142.6826% $ | 0.0001ETH sp=142.6826% $ | 0.0005ETH sp=142.7209% $ | 0.0010ETH sp=142.7905% $ | 0.0050ETH sp=143.3198% $ | XC=0.1444% | XC=0.1444%
[70/500] 2026-04-17T12:20:21 (55.0s) gas=6000000 | 0.0000ETH sp=142.8135% $ | 0.0001ETH sp=142.6826% $ | 0.0001ETH sp=142.6826% $ | 0.0005ETH sp=142.7209% $ | 0.0010ETH sp=142.7905% $ | 0.0050ETH sp=143.3198% $ | XC=0.1189% | XC=0.1182%
[71/500] 2026-04-17T12:21:16 (70.6s) gas=6000000 | 0.0000ETH sp=142.8135% $ | 0.0001ETH sp=142.6826% $ | 0.0001ETH sp=142.6826% $ | 0.0005ETH sp=142.7209% $ | 0.0010ETH sp=142.7905% $ | 0.0050ETH sp=143.3198% $ | XC=0.1182% | XC=0.1182% | XC=0.1182%
[72/500] 2026-04-17T12:22:26 (63.7s) gas=6000000 | 0.0000ETH sp=142.8135% $ | 0.0001ETH sp=142.6826% $ | 0.0001ETH sp=142.6826% $ | 0.0005ETH sp=142.7209% $ | 0.0010ETH sp=142.7905% $ | 0.0050ETH sp=143.3198% $ | XC=0.1159% | XC=0.1158%
[73/500] 2026-04-17T12:23:30 (2848.1s) gas=6000000 | 0.0000ETH sp=142.8135% $ | 0.0001ETH sp=142.6826% $ | 0.0001ETH sp=142.6826% $ | 0.0005ETH sp=142.7209% $ | 0.0010ETH sp=142.7905% $ | 0.0050ETH sp=143.3198% $ | XC=0.0655% | XC=0.0655%
[74/500] 2026-04-17T13:10:58 (58.3s) gas=6000000 | 0.0000ETH sp=142.8135% $ | 0.0001ETH sp=142.6826% $ | 0.0001ETH sp=142.6826% $ | 0.0005ETH sp=142.7209% $ | 0.0010ETH sp=142.7905% $ | 0.0050ETH sp=143.3198% $ | XC=0.0655% | XC=0.0648%
[75/500] 2026-04-17T13:11:56 (63.7s) gas=6000000 | 0.0000ETH sp=142.8135% $ | 0.0001ETH sp=142.6826% $ | 0.0001ETH sp=142.6826% $ | 0.0005ETH sp=142.7209% $ | 0.0010ETH sp=142.7905% $ | 0.0050ETH sp=143.3198% $ | XC=0.0783% | XC=0.0783%
[76/500] 2026-04-17T13:13:00 (63.4s) gas=6000000 | 0.0000ETH sp=142.8135% $ | 0.0001ETH sp=142.6826% $ | 0.0001ETH sp=142.6826% $ | 0.0005ETH sp=142.7209% $ | 0.0010ETH sp=142.7905% $ | 0.0050ETH sp=143.3198% $ | XC=0.0777% | XC=0.0778% | XC=0.0777%
[77/500] 2026-04-17T13:14:03 (62.8s) gas=6000000 | 0.0000ETH sp=142.8135% $ | 0.0001ETH sp=142.6826% $ | 0.0001ETH sp=142.6826% $ | 0.0005ETH sp=142.7209% $ | 0.0010ETH sp=142.7905% $ | 0.0050ETH sp=143.3198% $ | XC=0.0783% | XC=0.0784%
[78/500] 2026-04-17T13:15:06 (74.4s) gas=6000000 | 0.0000ETH sp=142.8135% $ | 0.0001ETH sp=142.6826% $ | 0.0001ETH sp=142.6826% $ | 0.0005ETH sp=142.7209% $ | 0.0010ETH sp=142.7905% $ | 0.0050ETH sp=143.3198% $ | XC=0.1195% | XC=0.1195%
[79/500] 2026-04-17T13:16:21 (63.1s) gas=6000000 | 0.0000ETH sp=142.8135% $ | 0.0001ETH sp=142.6826% $ | 0.0001ETH sp=142.6826% $ | 0.0005ETH sp=142.7209% $ | 0.0010ETH sp=142.7905% $ | 0.0050ETH sp=143.3198% $ | XC=0.1163% | XC=0.1163% | XC=0.1163%
[80/500] 2026-04-17T13:17:24 (62.3s) gas=6000000 | 0.0000ETH sp=142.8135% $ | 0.0001ETH sp=142.6826% $ | 0.0001ETH sp=142.6826% $ | 0.0005ETH sp=142.7209% $ | 0.0010ETH sp=142.7905% $ | 0.0050ETH sp=143.3198% $ | XC=0.1269% | XC=0.1352% | XC=0.1451%
[81/500] 2026-04-17T13:18:26 (60.0s) gas=6000000 | 0.0000ETH sp=142.8135% $ | 0.0001ETH sp=142.6826% $ | 0.0001ETH sp=142.6826% $ | 0.0005ETH sp=142.7209% $ | 0.0010ETH sp=142.7905% $ | 0.0050ETH sp=143.3198% $ | XC=0.1596% | XC=0.1693%
[82/500] 2026-04-17T13:19:26 (57.7s) gas=6000000 | 0.0000ETH sp=142.8135% $ | 0.0001ETH sp=142.6826% $ | 0.0001ETH sp=142.6826% $ | 0.0005ETH sp=142.7209% $ | 0.0010ETH sp=142.7905% $ | 0.0050ETH sp=143.3198% $ | XC=0.2526% | XC=0.2526% | XC=0.2526%
[83/500] 2026-04-17T13:20:24 (59.2s) gas=6000000 | 0.0000ETH sp=142.8135% $ | 0.0001ETH sp=142.6826% $ | 0.0001ETH sp=142.6826% $ | 0.0005ETH sp=142.7209% $ | 0.0010ETH sp=142.7905% $ | 0.0050ETH sp=143.3198% $ | XC=0.2526% | XC=0.2526% | XC=0.2526%
[84/500] 2026-04-17T13:21:23 (62.3s) gas=6000000 | 0.0000ETH sp=142.8135% $ | 0.0001ETH sp=142.6826% $ | 0.0001ETH sp=142.6826% $ | 0.0005ETH sp=142.7209% $ | 0.0010ETH sp=142.7905% $ | 0.0050ETH sp=143.3198% $ | XC=0.2222%
[85/500] 2026-04-17T13:22:25 (68.3s) gas=6000000 | 0.0000ETH sp=142.8135% $ | 0.0001ETH sp=142.6826% $ | 0.0001ETH sp=142.6826% $ | 0.0005ETH sp=142.7209% $ | 0.0010ETH sp=142.7905% $ | 0.0050ETH sp=143.3198% $ | XC=0.2217% | XC=0.2217% | XC=0.2217%
[86/500] 2026-04-17T13:23:34 (62.0s) gas=6000000 | 0.0000ETH sp=142.8135% $ | 0.0001ETH sp=142.6826% $ | 0.0001ETH sp=142.6826% $ | 0.0005ETH sp=142.7209% $ | 0.0010ETH sp=142.7905% $ | 0.0050ETH sp=143.3198% $ | XC=0.2205% | XC=0.2205% | XC=0.2205%
[87/500] 2026-04-17T13:24:36 (58.7s) gas=6000000 | 0.0000ETH sp=142.8135% $ | 0.0001ETH sp=142.6826% $ | 0.0001ETH sp=142.6826% $ | 0.0005ETH sp=142.7209% $ | 0.0010ETH sp=142.7905% $ | 0.0050ETH sp=143.3198% $ | XC=0.2191% | XC=0.2191% | XC=0.2186%
[88/500] 2026-04-17T13:25:34 (57.7s) gas=6000000 | 0.0000ETH sp=142.8135% $ | 0.0001ETH sp=142.6826% $ | 0.0001ETH sp=142.6826% $ | 0.0005ETH sp=142.7209% $ | 0.0010ETH sp=142.7905% $ | 0.0050ETH sp=143.3198% $ | XC=0.2165% | XC=0.2158% | XC=0.2158%
[89/500] 2026-04-17T13:26:32 (68.1s) gas=6000000 | 0.0000ETH sp=142.8135% $ | 0.0001ETH sp=142.6826% $ | 0.0001ETH sp=142.6826% $ | 0.0005ETH sp=142.7209% $ | 0.0010ETH sp=142.7905% $ | 0.0050ETH sp=143.3198% $ | XC=0.215% | XC=0.2143%
[90/500] 2026-04-17T13:27:40 (75.0s) gas=6000000 | 0.0000ETH sp=142.8135% $ | 0.0001ETH sp=142.6826% $ | 0.0001ETH sp=142.6826% $ | 0.0005ETH sp=142.7209% $ | 0.0010ETH sp=142.7905% $ | 0.0050ETH sp=143.3198% $ | XC=0.2135% | XC=0.2128% | XC=0.2128%
[91/500] 2026-04-17T13:28:55 (67.2s) gas=6000000 | 0.0000ETH sp=142.8135% $ | 0.0001ETH sp=142.6826% $ | 0.0001ETH sp=142.6826% $ | 0.0005ETH sp=142.7209% $ | 0.0010ETH sp=142.7905% $ | 0.0050ETH sp=143.3198% $ | XC=0.2099% | XC=0.21% | XC=0.2099%
[92/500] 2026-04-17T13:30:02 (17.8s) gas=6000000 | 0.0000ETH sp=142.8135% $ | 0.0001ETH sp=142.6826% $ | 0.0001ETH sp=142.6826% $
[93/500] 2026-04-17T13:30:23 (1.7s) gas=0
